<?xml version="1.0" encoding="UTF-8"?>
<!-- Generated by org.testng.reporters.JUnitReportReporter -->
<testsuite skipped="0" hostname="HpOmen15" name="CucumberOptions.TestNGTestRunner" tests="6" failures="0" timestamp="2022-03-05T07:45:21 IST" time="153.862" errors="0">
  <testcase name="runScenario" time="32.422" classname="CucumberOptions.TestNGTestRunner"/>
  <system-out/>
  <testcase name="runScenario" time="24.899" classname="CucumberOptions.TestNGTestRunner"/>
  <system-out/>
  <testcase name="runScenario" time="25.146" classname="CucumberOptions.TestNGTestRunner"/>
  <system-out/>
  <testcase name="runScenario" time="13.727" classname="CucumberOptions.TestNGTestRunner"/>
  <system-out/>
  <testcase name="runScenario" time="32.690" classname="CucumberOptions.TestNGTestRunner"/>
  <system-out/>
  <testcase name="runScenario" time="24.978" classname="CucumberOptions.TestNGTestRunner"/>
  <system-out/>
</testsuite> <!-- CucumberOptions.TestNGTestRunner -->
