<?xml version="1.0" encoding="UTF-8"?>
<!-- Generated by org.testng.reporters.JUnitReportReporter -->
<testsuite skipped="0" hostname="HpOmen15" name="CucumberOptions.TestNGTestRunner" tests="2" failures="0" timestamp="2022-02-23T14:18:19 IST" time="68.389" errors="0">
  <testcase name="runScenario" time="34.248" classname="CucumberOptions.TestNGTestRunner"/>
  <system-out/>
  <testcase name="runScenario" time="34.141" classname="CucumberOptions.TestNGTestRunner"/>
  <system-out/>
</testsuite> <!-- CucumberOptions.TestNGTestRunner -->
