<?xml version="1.0" encoding="UTF-8"?>
<!-- Generated by org.testng.reporters.JUnitReportReporter -->
<testsuite hostname="HpOmen15" failures="0" tests="3" name="CucumberOptions.TestNGTestRunner" time="69.357" errors="0" timestamp="2022-02-27T16:39:40 IST" skipped="0">
  <testcase classname="CucumberOptions.TestNGTestRunner" name="runScenario" time="11.740"/>
  <system-out/>
  <testcase classname="CucumberOptions.TestNGTestRunner" name="runScenario" time="28.824"/>
  <system-out/>
  <testcase classname="CucumberOptions.TestNGTestRunner" name="runScenario" time="28.793"/>
  <system-out/>
</testsuite> <!-- CucumberOptions.TestNGTestRunner -->
