<?xml version="1.0" encoding="UTF-8"?>
<!-- Generated by org.testng.reporters.JUnitReportReporter -->
<testsuite hostname="HpOmen15" failures="0" tests="3" name="CucumberOptions.TestNGTestRunner" time="65.560" errors="0" timestamp="2022-02-21T22:04:02 IST" skipped="0">
  <testcase classname="CucumberOptions.TestNGTestRunner" name="runScenario" time="27.141"/>
  <system-out/>
  <testcase classname="CucumberOptions.TestNGTestRunner" name="runScenario" time="10.284"/>
  <system-out/>
  <testcase classname="CucumberOptions.TestNGTestRunner" name="runScenario" time="28.135"/>
  <system-out/>
</testsuite> <!-- CucumberOptions.TestNGTestRunner -->
